<?xml version="1.0" encoding="UTF-8"?>
<!-- Generated by org.testng.reporters.JUnitXMLReporter -->
<testsuite hostname="bdc6-dx-5DVHXH2" ignored="0" name="Test" tests="2" failures="1" timestamp="18 Sep 2018 11:35:23 GMT" time="10046.521" errors="0">
  <testcase name="upload" time="26.55" classname="com.Sikuli.test.FileUpload"/>
  <testcase name="upload" time="10019.903" classname="com.Sikuli.test.Download">
    <failure type="org.sikuli.script.FindFailed" message="C:/Users/anand.mohan.patel/workspace2/com.Sikuli.test/Screenshot/filedownload.PNG not loaded">
      <![CDATA[FindFailed: C:/Users/anand.mohan.patel/workspace2/com.Sikuli.test/Screenshot/filedownload.PNG not loaded
  Line 2782, in file Region.java

at org.sikuli.script.Region.wait(Region.java:2782)
at com.Sikuli.test.Download.upload(Download.java:23)
... Removed 29 stack frames]]>
    </failure>
  </testcase> <!-- upload -->
</testsuite> <!-- Test -->
