<?xml version="1.0" encoding="UTF-8"?>
<testsuite xmlns:xsi="http://www.w3.org/2001/XMLSchema-instance" xsi:noNamespaceSchemaLocation="https://maven.apache.org/surefire/maven-surefire-plugin/xsd/surefire-test-report.xsd" name="TestSuite" time="10,047.493" tests="2" errors="0" skipped="0" failures="1">
  <properties>
[...]
</properties>
  <testcase name="upload" classname="com.Sikuli.test.FileUpload" time="26.551"/>
  <testcase name="upload" classname="com.Sikuli.test.Download" time="10,020.043">
    <failure message="C:/Users/anand.mohan.patel/workspace2/com.Sikuli.test/Screenshot/filedownload.PNG not loaded" type="org.sikuli.script.FindFailed">org.sikuli.script.FindFailed: C:/Users/anand.mohan.patel/workspace2/com.Sikuli.test/Screenshot/filedownload.PNG not loaded
	at com.Sikuli.test.Download.upload(Download.java:23)
</failure>
    <system-out><![CDATA[[log] CLICK on L(674,486)@S(0)[0,0 1366x768] (528 msec)
]]></system-out>
    <system-err><![CDATA[Starting ChromeDriver 2.36.540470 (e522d04694c7ebea4ba8821272dbef4f9b818c91) on port 36869
Only local connections are allowed.
Sep 18, 2018 2:18:29 PM org.openqa.selenium.remote.ProtocolHandshake createSession
INFO: Detected dialect: OSS
]]></system-err>
  </testcase>
</testsuite>