<?xml version="1.0" encoding="UTF-8"?>
<testng-results skipped="0" failed="1" ignored="0" total="1" passed="0">
  <reporter-output>
  </reporter-output>
  <suite name="Default suite" duration-ms="10018288" started-at="2018-09-18T08:38:46Z" finished-at="2018-09-18T11:25:44Z">
    <groups>
    </groups>
    <test name="Default test" duration-ms="10018288" started-at="2018-09-18T08:38:46Z" finished-at="2018-09-18T11:25:44Z">
      <class name="com.Sikuli.test.Download">
        <test-method status="FAIL" signature="upload()[pri:0, instance:com.Sikuli.test.Download@5c3bd550]" name="upload" duration-ms="10017697" started-at="2018-09-18T08:38:46Z" finished-at="2018-09-18T11:25:43Z">
          <exception class="org.sikuli.script.FindFailed">
            <message>
              <![CDATA[C:/Users/anand.mohan.patel/workspace2/com.Sikuli.test/Screenshot/filedownload.PNG not loaded]]>
            </message>
            <full-stacktrace>
              <![CDATA[FindFailed: C:/Users/anand.mohan.patel/workspace2/com.Sikuli.test/Screenshot/filedownload.PNG not loaded
  Line 2782, in file Region.java

at org.sikuli.script.Region.wait(Region.java:2782)
at com.Sikuli.test.Download.upload(Download.java:23)
at sun.reflect.NativeMethodAccessorImpl.invoke0(Native Method)
at sun.reflect.NativeMethodAccessorImpl.invoke(NativeMethodAccessorImpl.java:62)
at sun.reflect.DelegatingMethodAccessorImpl.invoke(DelegatingMethodAccessorImpl.java:43)
at java.lang.reflect.Method.invoke(Method.java:498)
at org.testng.internal.MethodInvocationHelper.invokeMethod(MethodInvocationHelper.java:124)
at org.testng.internal.Invoker.invokeMethod(Invoker.java:583)
at org.testng.internal.Invoker.invokeTestMethod(Invoker.java:719)
at org.testng.internal.Invoker.invokeTestMethods(Invoker.java:989)
at org.testng.internal.TestMethodWorker.invokeTestMethods(TestMethodWorker.java:125)
at org.testng.internal.TestMethodWorker.run(TestMethodWorker.java:109)
at org.testng.TestRunner.privateRun(TestRunner.java:648)
at org.testng.TestRunner.run(TestRunner.java:505)
at org.testng.SuiteRunner.runTest(SuiteRunner.java:455)
at org.testng.SuiteRunner.runSequentially(SuiteRunner.java:450)
at org.testng.SuiteRunner.privateRun(SuiteRunner.java:415)
at org.testng.SuiteRunner.run(SuiteRunner.java:364)
at org.testng.SuiteRunnerWorker.runSuite(SuiteRunnerWorker.java:52)
at org.testng.SuiteRunnerWorker.run(SuiteRunnerWorker.java:84)
at org.testng.TestNG.runSuitesSequentially(TestNG.java:1208)
at org.testng.TestNG.runSuitesLocally(TestNG.java:1137)
at org.testng.TestNG.runSuites(TestNG.java:1049)
at org.testng.TestNG.run(TestNG.java:1017)
at org.testng.remote.AbstractRemoteTestNG.run(AbstractRemoteTestNG.java:114)
at org.testng.remote.RemoteTestNG.initAndRun(RemoteTestNG.java:251)
at org.testng.remote.RemoteTestNG.main(RemoteTestNG.java:77)
]]>
            </full-stacktrace>
          </exception> <!-- org.sikuli.script.FindFailed -->
          <reporter-output>
          </reporter-output>
        </test-method> <!-- upload -->
      </class> <!-- com.Sikuli.test.Download -->
    </test> <!-- Default test -->
  </suite> <!-- Default suite -->
</testng-results>
